[2016-10-22 18:23:57] START
[2016-10-22 18:50:16] EDIT exemplos/controllers/default.py: 4
[2016-10-22 18:57:48] EDIT exemplos/views/default/first.html: 6
[2016-10-22 18:59:02] EDIT exemplos/views/default/second.html: 2
[2016-10-22 19:01:11] EDIT exemplos/views/default/first.html: 0
[2016-10-22 19:01:22] EDIT exemplos/views/default/second.html: 0
[2016-10-22 19:03:22] EDIT exemplos/views/default/second.html: 0
[2016-10-22 19:04:32] EDIT exemplos/views/default/first.html: 0
[2016-10-22 19:05:58] EDIT exemplos/views/default/first.html: 0
[2016-10-22 19:06:00] EDIT exemplos/views/default/first.html: 0
[2016-10-22 19:07:18] EDIT exemplos/views/default/second.html: 0
[2016-10-22 19:33:35] EDIT exemplos/controllers/default.py: 3
[2016-10-22 19:34:54] EDIT exemplos/views/default/second.html: 0
[2016-10-22 19:37:33] EDIT exemplos/views/default/second.html: 2
[2016-10-22 19:38:33] EDIT exemplos/views/default/second.html: -2
[2016-10-22 19:38:50] EDIT exemplos/controllers/default.py: 2
[2016-10-22 19:38:58] EDIT exemplos/controllers/default.py: 0
[2016-10-22 19:39:30] EDIT exemplos/controllers/default.py: -2
[2016-10-22 19:39:38] EDIT exemplos/controllers/default.py: 2
[2016-10-22 19:48:41] EDIT exemplos/controllers/default.py: 0
[2016-10-22 19:49:06] EDIT exemplos/views/default/first.html: 0
[2016-10-22 19:49:26] EDIT exemplos/views/default/second.html: 0
[2016-10-22 20:17:51] EDIT exemplos/views/default/first.html: 0
[2016-10-22 21:14:47] EDIT exemplos/views/default/second.html: 1
[2016-10-22 21:16:01] EDIT exemplos/views/default/second.html: 0
[2016-10-22 21:16:40] EDIT exemplos/views/default/second.html: 0
[2016-10-22 22:26:16] EDIT exemplos/views/default/first.html: 5
[2016-10-22 22:27:44] EDIT exemplos/views/default/first.html: 0
[2016-10-22 22:32:09] EDIT exemplos/controllers/default.py: 0
[2016-10-22 22:32:25] EDIT exemplos/controllers/default.py: 0
[2016-10-22 22:33:11] EDIT exemplos/controllers/default.py: 1
[2016-10-22 22:33:24] EDIT exemplos/controllers/default.py: -1
[2016-10-22 22:33:48] EDIT exemplos/views/default/first.html: 0
[2016-10-22 22:34:34] EDIT exemplos/views/default/first.html: 0
[2016-10-22 23:44:52] EDIT exemplos/controllers/default.py: 0
[2016-10-22 23:45:29] EDIT exemplos/controllers/default.py: 0
[2016-10-22 23:46:16] EDIT exemplos/controllers/default.py: -1
[2016-10-22 23:47:11] EDIT exemplos/views/default/first.html: 0
[2016-10-22 23:47:13] EDIT exemplos/views/default/first.html: 0
[2016-10-22 23:47:19] EDIT exemplos/views/default/first.html: 0
[2016-10-22 23:47:50] EDIT exemplos/controllers/default.py: 1
[2016-10-22 23:47:51] EDIT exemplos/controllers/default.py: 0
[2016-10-22 23:48:39] EDIT exemplos/controllers/default.py: 0
[2016-10-22 23:48:41] EDIT exemplos/controllers/default.py: 0
[2016-10-23 00:01:35] EDIT exemplos/controllers/default.py: 2
[2016-10-23 00:02:31] EDIT exemplos/controllers/default.py: 0
[2016-10-23 00:04:00] EDIT exemplos/controllers/default.py: -2
[2016-10-23 00:11:25] EDIT exemplos/views/default/first.html: 3
[2016-10-23 00:12:39] EDIT exemplos/controllers/default.py: 0
[2016-10-23 01:25:34] EDIT exemplos/views/default/first.html: -1
[2016-10-23 01:26:10] EDIT exemplos/views/default/first.html: 0
[2016-10-23 01:26:24] EDIT exemplos/views/default/first.html: 0
[2016-10-23 01:26:32] EDIT exemplos/controllers/default.py: 0
[2016-10-23 01:26:33] EDIT exemplos/controllers/default.py: 0
[2016-10-23 01:26:35] EDIT exemplos/views/default/first.html: 0
[2016-10-23 01:27:02] EDIT exemplos/views/default/first.html: -3
[2016-10-23 12:18:55] EDIT exemplos/controllers/default.py: 2
[2016-10-23 14:41:56] EDIT exemplos/views/default/first.html: 0
[2016-10-23 14:42:26] EDIT exemplos/views/default/first.html: 0
[2016-10-23 14:44:50] EDIT exemplos/controllers/default.py: 0
[2016-10-23 14:47:40] EDIT exemplos/controllers/default.py: 0
[2016-10-23 14:48:50] EDIT exemplos/controllers/default.py: 2
[2016-10-23 14:48:52] EDIT exemplos/controllers/default.py: 0
[2016-10-23 14:49:33] EDIT exemplos/views/default/first.html: 0
[2016-10-23 14:49:34] EDIT exemplos/views/default/first.html: 0
[2016-10-23 14:49:37] EDIT exemplos/controllers/default.py: 0
[2016-10-23 14:49:38] EDIT exemplos/controllers/default.py: 0
[2016-10-23 14:51:57] EDIT exemplos/controllers/default.py: 0
[2016-10-23 14:52:48] EDIT exemplos/controllers/default.py: 0
[2016-10-23 14:52:50] EDIT exemplos/controllers/default.py: 0
[2016-10-23 14:54:35] EDIT exemplos/controllers/default.py: 0
[2016-10-23 14:55:01] EDIT exemplos/controllers/default.py: 0
[2016-10-23 14:55:15] EDIT exemplos/controllers/default.py: 0
[2016-10-23 15:01:04] EDIT exemplos/controllers/default.py: 1
[2016-10-23 15:01:25] EDIT exemplos/controllers/default.py: 0
[2016-10-23 15:02:06] EDIT exemplos/controllers/default.py: -1
[2016-10-23 15:13:56] EDIT exemplos/views/default/first.html: 0
[2016-10-23 15:14:28] EDIT exemplos/views/default/first.html: 0
[2016-10-23 15:14:51] EDIT exemplos/views/default/first.html: 0
[2016-10-23 15:15:55] EDIT exemplos/views/default/second.html: 0
[2016-10-23 15:17:20] EDIT exemplos/controllers/default.py: 4
[2016-10-23 15:29:11] EDIT exemplos/controllers/default.py: 1
[2016-10-23 15:29:53] EDIT exemplos/views/default/second.html: 0
[2016-10-23 15:30:38] EDIT exemplos/controllers/default.py: 0
[2016-10-23 15:30:59] EDIT exemplos/controllers/default.py: 1
[2016-10-23 15:30:59] EDIT exemplos/controllers/default.py: 0
[2016-10-23 15:31:20] EDIT exemplos/views/default/second.html: 0
[2016-10-23 15:32:09] EDIT exemplos/views/default/second.html: 0
[2016-10-23 15:33:16] EDIT exemplos/controllers/default.py: 1
[2016-10-23 15:33:24] EDIT exemplos/views/default/second.html: 0
[2016-10-23 15:33:59] EDIT exemplos/controllers/default.py: 0
[2016-10-23 15:36:41] EDIT exemplos/controllers/default.py: 0
[2016-10-23 15:36:43] EDIT exemplos/controllers/default.py: 0
[2016-10-23 15:39:09] EDIT exemplos/controllers/default.py: 0
[2016-10-23 15:39:13] EDIT exemplos/controllers/default.py: 0
[2016-10-23 19:24:17] EDIT exemplos/controllers/default.py: 0
[2016-10-23 19:25:11] EDIT exemplos/views/default/second.html: 0
[2016-10-23 19:25:50] EDIT exemplos/views/default/second.html: 0
[2016-10-23 19:48:59] EDIT exemplos/controllers/default.py: -1
[2016-10-23 19:49:09] EDIT exemplos/views/default/second.html: 0
[2016-10-23 19:50:05] EDIT exemplos/controllers/default.py: 0
[2016-10-23 19:50:24] EDIT exemplos/views/default/second.html: 0
[2016-10-23 19:50:57] EDIT exemplos/controllers/default.py: 0
[2016-10-23 20:28:10] EDIT exemplos/controllers/default.py: 1
[2016-10-23 20:30:54] EDIT exemplos/views/default/second.html: 0
[2016-10-23 20:31:51] EDIT exemplos/controllers/default.py: 0
[2016-10-23 20:32:11] EDIT exemplos/controllers/default.py: 1
[2016-10-23 20:35:08] EDIT exemplos/controllers/default.py: 0
[2016-10-23 20:37:28] EDIT exemplos/controllers/default.py: 0
[2016-10-23 20:38:48] EDIT exemplos/controllers/default.py: -1
[2016-10-23 20:39:01] EDIT exemplos/controllers/default.py: 0
[2016-10-23 20:39:03] EDIT exemplos/controllers/default.py: 0
[2016-10-23 20:40:18] EDIT exemplos/controllers/default.py: 0
[2016-10-23 20:51:02] EDIT exemplos/controllers/default.py: 0
[2016-10-23 20:51:20] EDIT exemplos/views/default/first.html: 0
[2016-10-23 20:53:39] EDIT exemplos/views/default/first.html: 0
[2016-10-23 20:53:41] EDIT exemplos/views/default/first.html: 0
[2016-10-23 20:54:04] EDIT exemplos/views/default/first.html: 0
[2016-10-23 20:56:55] EDIT exemplos/controllers/default.py: 0
[2016-10-23 20:57:32] EDIT exemplos/controllers/default.py: 0
[2016-10-23 20:58:15] EDIT exemplos/controllers/default.py: -1
[2016-10-23 21:00:09] EDIT exemplos/views/default/first.html: 1
[2016-10-23 21:00:28] EDIT exemplos/controllers/default.py: 0
[2016-10-23 21:00:41] EDIT exemplos/controllers/default.py: 0
[2016-10-23 21:01:24] EDIT exemplos/controllers/default.py: 1
[2016-10-23 21:01:25] EDIT exemplos/controllers/default.py: 0
[2016-10-23 21:03:12] EDIT exemplos/controllers/default.py: 1
[2016-10-23 21:07:02] EDIT exemplos/controllers/default.py: 1
[2016-10-23 21:07:13] EDIT exemplos/controllers/default.py: 0
[2016-10-23 21:07:14] EDIT exemplos/controllers/default.py: 0
[2016-10-23 21:08:16] EDIT exemplos/controllers/default.py: 0
[2016-10-24 00:27:32] EDIT exemplos/controllers/default.py: -1
[2016-10-24 00:28:24] EDIT exemplos/controllers/default.py: 0
[2016-10-24 00:29:25] EDIT exemplos/controllers/default.py: 1
[2016-10-24 00:29:39] EDIT exemplos/views/default/first.html: -1
[2016-10-24 00:30:42] EDIT exemplos/controllers/default.py: 0
[2016-10-24 00:33:14] EDIT exemplos/controllers/default.py: 0
[2016-10-24 00:33:20] EDIT exemplos/controllers/default.py: 0
[2016-10-24 00:36:09] EDIT exemplos/controllers/default.py: 0
[2016-10-24 02:14:19] EDIT exemplos/controllers/default.py: 0
[2016-10-24 11:39:14] EDIT exemplos/controllers/default.py: 1
[2016-10-24 11:40:05] EDIT exemplos/controllers/default.py: 2
[2016-10-24 11:41:02] EDIT exemplos/views/default/second.html: 0
[2016-10-24 11:44:04] EDIT exemplos/controllers/default.py: -2
[2016-10-24 11:44:05] EDIT exemplos/controllers/default.py: 0
[2016-10-24 11:45:56] EDIT exemplos/controllers/default.py: -3
[2016-10-24 17:58:54] EDIT exemplos/controllers/default.py: 0
[2016-10-24 18:00:34] EDIT exemplos/views/default/second.html: 0
[2016-10-24 18:01:40] EDIT exemplos/controllers/default.py: 0
[2016-10-24 18:01:42] EDIT exemplos/views/default/first.html: 0
[2016-10-24 18:01:44] EDIT exemplos/views/default/second.html: 0
[2016-10-24 18:02:51] EDIT exemplos/views/default/first.html: 0
[2016-10-24 18:03:50] EDIT exemplos/views/default/first.html: 0
[2016-10-24 18:05:06] EDIT exemplos/controllers/default.py: 1
[2016-10-24 18:06:15] EDIT exemplos/controllers/default.py: -5
[2016-10-24 18:06:48] EDIT exemplos/views/default/first.html: 0
[2016-10-24 18:07:32] EDIT exemplos/views/default/first.html: 0
[2016-10-24 18:08:24] EDIT exemplos/views/default/first.html: 0
[2016-10-24 18:09:19] EDIT exemplos/views/default/first.html: 0
[2016-10-24 18:12:28] EDIT exemplos/views/default/first.html: 0
[2016-10-24 18:13:29] EDIT exemplos/controllers/default.py: -2
[2016-10-24 18:24:59] EDIT exemplos/controllers/default.py: 1
[2016-10-24 18:26:23] EDIT exemplos/views/default/first.html: 0
[2016-10-24 18:26:56] EDIT exemplos/views/default/first.html: 0
[2016-10-24 18:27:04] EDIT exemplos/views/default/first.html: 0
[2016-10-24 18:27:37] EDIT exemplos/controllers/default.py: 5
[2016-10-24 18:27:39] EDIT exemplos/controllers/default.py: 0
[2016-10-24 18:29:13] EDIT exemplos/controllers/default.py: 0
[2016-10-24 18:30:05] EDIT exemplos/controllers/default.py: -1
[2016-10-24 18:34:10] EDIT exemplos/controllers/default.py: 1
[2016-10-24 18:34:15] EDIT exemplos/controllers/default.py: 0
[2016-10-24 18:34:56] EDIT exemplos/controllers/default.py: 0
[2016-10-24 18:35:05] EDIT exemplos/controllers/default.py: 0
[2016-10-24 18:37:24] EDIT exemplos/controllers/default.py: 0
[2016-10-24 18:37:25] EDIT exemplos/controllers/default.py: 0
[2016-10-24 18:38:43] EDIT exemplos/controllers/default.py: -10
[2016-10-24 18:38:51] EDIT exemplos/views/default/first.html: 0
[2016-10-24 18:39:49] EDIT exemplos/controllers/default.py: 0
[2016-10-24 18:39:50] EDIT exemplos/controllers/default.py: 0
[2016-10-24 18:40:11] EDIT exemplos/controllers/default.py: 0
[2016-10-24 18:40:54] EDIT exemplos/views/default/first.html: 0
[2016-10-24 18:41:25] EDIT exemplos/views/default/first.html: 0
[2016-10-24 18:42:20] EDIT exemplos/controllers/default.py: 0
[2016-10-24 18:42:21] EDIT exemplos/controllers/default.py: 0
[2016-10-24 18:42:24] EDIT exemplos/views/default/first.html: 0
[2016-10-24 18:42:26] EDIT exemplos/controllers/default.py: 0
[2016-10-24 18:58:02] EDIT exemplos/views/default/first.html: 0
[2016-10-24 18:58:02] EDIT exemplos/views/default/first.html: 0
[2016-10-24 19:04:37] EDIT exemplos/views/default/first.html: 0
[2016-10-24 19:06:44] EDIT exemplos/views/default/first.html: 0
[2016-10-24 19:06:46] EDIT exemplos/views/default/first.html: 0
[2016-10-24 19:08:01] EDIT exemplos/controllers/default.py: -1
[2016-10-24 19:08:01] EDIT exemplos/controllers/default.py: 0
[2016-10-24 19:34:48] EDIT exemplos/controllers/default.py: -7
[2016-10-24 19:36:55] EDIT exemplos/views/default/index.html: -49
[2016-10-24 19:37:12] EDIT exemplos/views/default/index.html: 6
[2016-10-24 19:37:27] EDIT exemplos/views/default/index.html: 0
[2016-10-24 19:37:58] EDIT exemplos/views/default/index.html: 0
[2016-10-24 19:37:59] EDIT exemplos/views/default/index.html: 0
[2016-10-24 19:38:01] EDIT exemplos/controllers/default.py: 0
[2016-10-24 19:38:27] EDIT exemplos/views/default/index.html: 0
[2016-10-24 19:38:29] EDIT exemplos/views/default/index.html: 0
[2016-10-24 19:38:31] EDIT exemplos/controllers/default.py: 0
[2016-10-24 19:39:23] EDIT exemplos/views/default/index.html: 0
[2016-10-24 19:39:23] EDIT exemplos/views/default/index.html: 0
[2016-10-24 19:39:26] EDIT exemplos/controllers/default.py: 0
[2016-10-24 19:40:03] EDIT exemplos/views/default/index.html: 0
[2016-10-24 19:40:05] EDIT exemplos/controllers/default.py: 0
[2016-10-24 19:44:13] EDIT exemplos/controllers/default.py: 4
[2016-10-24 19:45:44] EDIT exemplos/views/default/index.html: 1
[2016-10-24 19:54:34] EDIT exemplos/controllers/default.py: -5
[2016-10-24 19:55:39] EDIT exemplos/views/default/first.html: -4
[2016-10-24 19:56:33] EDIT exemplos/views/default/second.html: -1
[2016-10-24 20:00:59] EDIT exemplos/controllers/default.py: 3
[2016-10-24 20:02:53] EDIT exemplos/views/default/first.html: 0
[2016-10-24 20:03:19] EDIT exemplos/views/default/second.html: 0
[2016-10-24 20:06:31] EDIT exemplos/controllers/default.py: 2
[2016-10-24 20:12:40] EDIT exemplos/controllers/default.py: 9
[2016-10-24 20:13:52] EDIT exemplos/views/default/terceiro.html: 2
[2016-10-24 20:18:02] EDIT exemplos/controllers/default.py: 8
[2016-10-24 20:18:17] EDIT exemplos/views/default/quarto.html: 2
[2016-10-24 20:19:59] EDIT exemplos/controllers/default.py: -1
[2016-10-24 20:26:42] EDIT exemplos/views/default/first.html: 0
[2016-10-24 20:54:39] EDIT exemplos/controllers/default.py: 1
[2016-10-24 20:56:02] EDIT exemplos/controllers/default.py: 1
[2016-10-24 20:56:21] EDIT exemplos/views/default/second.html: 0
[2016-10-24 20:57:26] EDIT exemplos/controllers/default.py: 0
[2016-10-24 20:59:14] EDIT exemplos/controllers/default.py: 0
[2016-10-24 20:59:56] EDIT exemplos/controllers/default.py: -1
[2016-10-24 21:00:42] EDIT exemplos/views/default/second.html: 0
[2016-10-24 22:04:32] EDIT exemplos/controllers/default.py: 0
[2016-10-24 23:03:54] EDIT exemplos/controllers/default.py: 0
[2016-10-24 23:03:54] EDIT exemplos/controllers/default.py: 0
[2016-10-24 23:05:38] EDIT exemplos/controllers/default.py: 1
[2016-10-24 23:06:47] EDIT exemplos/controllers/default.py: 4
[2016-10-24 23:07:11] EDIT exemplos/controllers/default.py: 0
[2016-10-24 23:08:49] EDIT exemplos/views/default/first.html: 0
[2016-10-24 23:11:07] EDIT exemplos/controllers/default.py: -3
[2016-10-24 23:11:41] EDIT exemplos/controllers/default.py: 0
[2016-10-24 23:15:41] EDIT exemplos/views/default/first.html: 0
[2016-10-24 23:18:57] EDIT exemplos/controllers/default.py: 0
[2016-10-24 23:21:16] EDIT exemplos/controllers/default.py: 0
[2016-10-24 23:21:39] EDIT exemplos/controllers/default.py: 0
[2016-10-24 23:24:24] EDIT exemplos/controllers/default.py: 2
[2016-10-24 23:34:17] EDIT exemplos/controllers/default.py: 1
[2016-10-24 23:34:22] EDIT exemplos/controllers/default.py: 0
[2016-10-24 23:36:43] EDIT exemplos/controllers/default.py: 2
[2016-10-24 23:37:04] EDIT exemplos/controllers/default.py: 0
[2016-10-24 23:37:39] EDIT exemplos/controllers/default.py: 0
[2016-10-24 23:38:02] EDIT exemplos/controllers/default.py: 0
[2016-10-24 23:41:02] EDIT exemplos/controllers/default.py: 5
[2016-10-24 23:42:10] EDIT exemplos/controllers/default.py: 0
[2016-10-24 23:42:22] EDIT exemplos/controllers/default.py: 0
[2016-10-24 23:43:13] EDIT exemplos/controllers/default.py: 0
[2016-10-24 23:58:38] EDIT exemplos/controllers/default.py: -3
[2016-10-25 00:05:51] EDIT exemplos/controllers/default.py: 0
[2016-10-25 00:06:35] EDIT exemplos/controllers/default.py: 0
[2016-10-25 00:08:09] EDIT exemplos/controllers/default.py: 8
[2016-10-25 00:08:45] EDIT exemplos/controllers/default.py: -1
[2016-10-25 00:09:49] EDIT exemplos/controllers/default.py: 0
[2016-10-25 00:10:11] EDIT exemplos/controllers/default.py: 0
[2016-10-25 00:46:18] EDIT exemplos/controllers/default.py: 0
